# JRE version: OpenJDK Runtime Environment Temurin-25.0.1+8 (25.0.1+8) (build 25.0.1+8-LTS)
# Java VM: OpenJDK 64-Bit Server VM Temurin-25.0.1+8 (25.0.1+8-LTS, mixed mode, sharing, tiered, compressed oops, compressed class ptrs, g1 gc, windows-amd64)
GC Precious Log:
 CardTable entry size: 512
 Card Set container configuration: InlinePtr #cards 4 size 8 Array Of Cards #cards 32 size 80 Howl #buckets 8 coarsen threshold 7372 Howl Bitmap #cards 1024 size 144 coarsen threshold 921 Card regions per heap region 1 cards per card region 8192
 CPUs: 12 total, 12 available
 Memory: 3856M
 Large Page Support: Disabled
 NUMA Support: Disabled
 Compressed Oops: Enabled (Zero based)
 Heap Region Size: 4M
 Heap Min Capacity: 8M
 Heap Initial Capacity: 64M
 Heap Max Capacity: 8G
 Pre-touch: Disabled
 Parallel Workers: 10
 Concurrent Workers: 3
 Concurrent Refinement Workers: 10
 Periodic GC: Disabled
Heap:
 garbage-first heap   total reserved 8388608K, committed 679936K, used 155000K [0x0000000600000000, 0x0000000800000000)
  region size 4096K, 12 young (49152K), 12 survivors (49152K)
GC Heap Usage History (20 events):
Event: 39.689 {heap After GC invocations=80 (full 0):
 garbage-first heap   total reserved 8388608K, committed 495616K, used 84902K [0x0000000600000000, 0x0000000800000000)
  region size 4096K, 4 young (16384K), 4 survivors (16384K)
}
Event: 40.284 {heap Before GC invocations=80 (full 0):
 garbage-first heap   total reserved 8388608K, committed 495616K, used 363430K [0x0000000600000000, 0x0000000800000000)
  region size 4096K, 72 young (294912K), 4 survivors (16384K)
}
Event: 40.308 {heap After GC invocations=81 (full 0):
 garbage-first heap   total reserved 8388608K, committed 495616K, used 86782K [0x0000000600000000, 0x0000000800000000)
  region size 4096K, 5 young (20480K), 5 survivors (20480K)
}
Event: 41.892 {heap Before GC invocations=81 (full 0):
 garbage-first heap   total reserved 8388608K, committed 495616K, used 369406K [0x0000000600000000, 0x0000000800000000)
  region size 4096K, 72 young (294912K), 5 survivors (20480K)
}
Event: 41.909 {heap After GC invocations=82 (full 0):
 garbage-first heap   total reserved 8388608K, committed 495616K, used 113980K [0x0000000600000000, 0x0000000800000000)
  region size 4096K, 9 young (36864K), 9 survivors (36864K)
}
Event: 42.133 {heap Before GC invocations=82 (full 0):
 garbage-first heap   total reserved 8388608K, committed 495616K, used 372028K [0x0000000600000000, 0x0000000800000000)
  region size 4096K, 72 young (294912K), 9 survivors (36864K)
}
Event: 42.155 {heap After GC invocations=83 (full 0):
 garbage-first heap   total reserved 8388608K, committed 679936K, used 120165K [0x0000000600000000, 0x0000000800000000)
  region size 4096K, 2 young (8192K), 2 survivors (8192K)
}
Event: 42.959 {heap Before GC invocations=83 (full 0):
 garbage-first heap   total reserved 8388608K, committed 679936K, used 517477K [0x0000000600000000, 0x0000000800000000)
  region size 4096K, 99 young (405504K), 2 survivors (8192K)
}
Event: 42.968 {heap After GC invocations=84 (full 0):
 garbage-first heap   total reserved 8388608K, committed 679936K, used 121112K [0x0000000600000000, 0x0000000800000000)
  region size 4096K, 2 young (8192K), 2 survivors (8192K)
}
Event: 44.190 {heap Before GC invocations=84 (full 0):
 garbage-first heap   total reserved 8388608K, committed 679936K, used 518424K [0x0000000600000000, 0x0000000800000000)
  region size 4096K, 99 young (405504K), 2 survivors (8192K)
}
Event: 44.201 {heap After GC invocations=85 (full 0):
 garbage-first heap   total reserved 8388608K, committed 679936K, used 125664K [0x0000000600000000, 0x0000000800000000)
  region size 4096K, 4 young (16384K), 4 survivors (16384K)
}
Event: 46.346 {heap Before GC invocations=85 (full 0):
 garbage-first heap   total reserved 8388608K, committed 679936K, used 514784K [0x0000000600000000, 0x0000000800000000)
  region size 4096K, 99 young (405504K), 4 survivors (16384K)
}
Event: 46.355 {heap After GC invocations=86 (full 0):
 garbage-first heap   total reserved 8388608K, committed 679936K, used 129313K [0x0000000600000000, 0x0000000800000000)
  region size 4096K, 4 young (16384K), 4 survivors (16384K)
}
Event: 46.717 {heap Before GC invocations=86 (full 0):
 garbage-first heap   total reserved 8388608K, committed 679936K, used 518433K [0x0000000600000000, 0x0000000800000000)
  region size 4096K, 99 young (405504K), 4 survivors (16384K)
}
Event: 46.729 {heap After GC invocations=87 (full 0):
 garbage-first heap   total reserved 8388608K, committed 679936K, used 135363K [0x0000000600000000, 0x0000000800000000)
  region size 4096K, 6 young (24576K), 6 survivors (24576K)
}
Event: 47.348 {heap Before GC invocations=87 (full 0):
 garbage-first heap   total reserved 8388608K, committed 679936K, used 516291K [0x0000000600000000, 0x0000000800000000)
  region size 4096K, 99 young (405504K), 6 survivors (24576K)
}
Event: 47.368 {heap After GC invocations=88 (full 0):
 garbage-first heap   total reserved 8388608K, committed 679936K, used 135671K [0x0000000600000000, 0x0000000800000000)
  region size 4096K, 8 young (32768K), 8 survivors (32768K)
}
Event: 48.152 {heap Before GC invocations=88 (full 0):
 garbage-first heap   total reserved 8388608K, committed 679936K, used 508407K [0x0000000600000000, 0x0000000800000000)
  region size 4096K, 99 young (405504K), 8 survivors (32768K)
}
Event: 48.224 {heap After GC invocations=89 (full 0):
 garbage-first heap   total reserved 8388608K, committed 679936K, used 134671K [0x0000000600000000, 0x0000000800000000)
  region size 4096K, 7 young (28672K), 7 survivors (28672K)
}
Event: 50.788 {heap Before GC invocations=89 (full 0):
 garbage-first heap   total reserved 8388608K, committed 679936K, used 511503K [0x0000000600000000, 0x0000000800000000)
  region size 4096K, 99 young (405504K), 7 survivors (28672K)
}

